1630609960243	geckodriver	INFO	Listening on 127.0.0.1:2015
1630609963347	mozrunner::runner	INFO	Running command: "C:\\Program Files\\Mozilla Firefox\\firefox.exe" "--marionette" "-foreground" "-no-remote" "-profile" "C:\\Temp\\rust_mozprofileZtIHsQ"
1630609963833	Marionette	INFO	Marionette enabled
console.warn: SearchSettings: "get: No settings file exists, new profile?" (new Error("", "(unknown module)"))
1630609966139	Marionette	INFO	Listening on port 2052
1630609966559	Marionette	WARN	TLS certificate errors will be ignored for this session
JavaScript error: https://yetantothercompany.cdn.adglare.net/tbfefad95/img/y4pp6_3uga9m_339689e1.zip/index.js, line 1462: TypeError: auto.date_time is undefined
1630609999517	Marionette	INFO	Stopped listening on port 2052

###!!! [Child][RunMessage] Error: Channel closing: too late to send/recv, messages will be lost


###!!! [Child][RunMessage] Error: Channel closing: too late to send/recv, messages will be lost

1630610104786	geckodriver	INFO	Listening on 127.0.0.1:20747
1630610107922	mozrunner::runner	INFO	Running command: "C:\\Program Files\\Mozilla Firefox\\firefox.exe" "--marionette" "-foreground" "-no-remote" "-profile" "C:\\Temp\\rust_mozprofile7cQZNb"
1630610108404	Marionette	INFO	Marionette enabled
console.warn: SearchSettings: "get: No settings file exists, new profile?" (new Error("", "(unknown module)"))
1630610110428	Marionette	INFO	Listening on port 2022
1630610110604	Marionette	WARN	TLS certificate errors will be ignored for this session
console.warn: services.settings: main/cfr sync interrupted by shutdown

###!!! [Child][RunMessage] Error: Channel closing: too late to send/recv, messages will be lost


###!!! [Child][RunMessage] Error: Channel closing: too late to send/recv, messages will be lost


###!!! [Child][RunMessage] Error: Channel closing: too late to send/recv, messages will be lost


###!!! [Child][RunMessage] Error: Channel closing: too late to send/recv, messages will be lost


###!!! [Child][RunMessage] Error: Channel closing: too late to send/recv, messages will be lost


###!!! [Child][RunMessage] Error: Channel closing: too late to send/recv, messages will be lost


###!!! [Child][RunMessage] Error: Channel closing: too late to send/recv, messages will be lost


###!!! [Child][RunMessage] Error: Channel closing: too late to send/recv, messages will be lost


###!!! [Child][RunMessage] Error: Channel closing: too late to send/recv, messages will be lost


###!!! [Child][RunMessage] Error: Channel closing: too late to send/recv, messages will be lost


###!!! [Child][RunMessage] Error: Channel closing: too late to send/recv, messages will be lost


###!!! [Child][RunMessage] Error: Channel closing: too late to send/recv, messages will be lost


###!!! [Child][RunMessage] Error: Channel closing: too late to send/recv, messages will be lost


###!!! [Child][RunMessage] Error: Channel closing: too late to send/recv, messages will be lost


###!!! [Child][RunMessage] Error: Channel closing: too late to send/recv, messages will be lost


###!!! [Child][RunMessage] Error: Channel closing: too late to send/recv, messages will be lost


###!!! [Child][RunMessage] Error: Channel closing: too late to send/recv, messages will be lost


###!!! [Child][RunMessage] Error: Channel closing: too late to send/recv, messages will be lost


###!!! [Child][RunMessage] Error: Channel closing: too late to send/recv, messages will be lost


###!!! [Child][MessageChannel] Error: (msgtype=0x3A0141,name=PContent::Msg_ScriptError) Channel closing: too late to send/recv, messages will be lost


###!!! [Child][RunMessage] Error: Channel closing: too late to send/recv, messages will be lost


###!!! [Child][MessageChannel] Error: (msgtype=0x3A0141,name=PContent::Msg_ScriptError) Channel closing: too late to send/recv, messages will be lost


###!!! [Child][RunMessage] Error: Channel closing: too late to send/recv, messages will be lost


###!!! [Child][RunMessage] Error: Channel closing: too late to send/recv, messages will be lost


###!!! [Child][RunMessage] Error: Channel closing: too late to send/recv, messages will be lost


###!!! [Child][RunMessage] Error: Channel closing: too late to send/recv, messages will be lost


###!!! [Child][RunMessage] Error: Channel closing: too late to send/recv, messages will be lost


###!!! [Child][RunMessage] Error: Channel closing: too late to send/recv, messages will be lost


###!!! [Child][MessageChannel] Error: (msgtype=0x3A0141,name=PContent::Msg_ScriptError) Channel closing: too late to send/recv, messages will be lost


###!!! [Child][RunMessage] Error: Channel closing: too late to send/recv, messages will be lost


###!!! [Child][RunMessage] Error: Channel closing: too late to send/recv, messages will be lost


###!!! [Child][MessageChannel] Error: (msgtype=0x3A0141,name=PContent::Msg_ScriptError) Channel closing: too late to send/recv, messages will be lost


###!!! [Child][RunMessage] Error: Channel closing: too late to send/recv, messages will be lost


###!!! [Child][RunMessage] Error: Channel closing: too late to send/recv, messages will be lost


###!!! [Child][RunMessage] Error: Channel closing: too late to send/recv, messages will be lost


###!!! [Child][RunMessage] Error: Channel closing: too late to send/recv, messages will be lost


###!!! [Child][MessageChannel] Error: (msgtype=0x3A0141,name=PContent::Msg_ScriptError) Channel closing: too late to send/recv, messages will be lost


###!!! [Child][RunMessage] Error: Channel closing: too late to send/recv, messages will be lost


###!!! [Child][MessageChannel] Error: (msgtype=0x3A0141,name=PContent::Msg_ScriptError) Channel closing: too late to send/recv, messages will be lost


###!!! [Child][RunMessage] Error: Channel closing: too late to send/recv, messages will be lost


###!!! [Child][RunMessage] Error: Channel closing: too late to send/recv, messages will be lost


###!!! [Child][RunMessage] Error: Channel closing: too late to send/recv, messages will be lost


###!!! [Child][RunMessage] Error: Channel closing: too late to send/recv, messages will be lost


###!!! [Child][MessageChannel] Error: (msgtype=0x3A0141,name=PContent::Msg_ScriptError) Channel closing: too late to send/recv, messages will be lost


###!!! [Child][RunMessage] Error: Channel closing: too late to send/recv, messages will be lost


###!!! [Child][RunMessage] Error: Channel closing: too late to send/recv, messages will be lost


###!!! [Child][RunMessage] Error: Channel closing: too late to send/recv, messages will be lost


###!!! [Child][RunMessage] Error: Channel closing: too late to send/recv, messages will be lost


###!!! [Child][RunMessage] Error: Channel closing: too late to send/recv, messages will be lost


###!!! [Child][RunMessage] Error: Channel closing: too late to send/recv, messages will be lost


###!!! [Child][RunMessage] Error: Channel closing: too late to send/recv, messages will be lost


###!!! [Child][RunMessage] Error: Channel closing: too late to send/recv, messages will be lost


###!!! [Child][RunMessage] Error: Channel closing: too late to send/recv, messages will be lost


###!!! [Child][RunMessage] Error: Channel closing: too late to send/recv, messages will be lost

1630610111259	Marionette	INFO	Stopped listening on port 2022

###!!! [Child][RunMessage] Error: Channel closing: too late to send/recv, messages will be lost

1630610118799	geckodriver	INFO	Listening on 127.0.0.1:2029
1630610121919	mozrunner::runner	INFO	Running command: "C:\\Program Files\\Mozilla Firefox\\firefox.exe" "--marionette" "-foreground" "-no-remote" "-profile" "C:\\Temp\\rust_mozprofileAyDeHY"
1630610122418	Marionette	INFO	Marionette enabled
console.warn: SearchSettings: "get: No settings file exists, new profile?" (new Error("", "(unknown module)"))
1630610124509	Marionette	INFO	Listening on port 2076
1630610124693	Marionette	WARN	TLS certificate errors will be ignored for this session
1630610125195	Marionette	INFO	Stopped listening on port 2076

###!!! [Child][RunMessage] Error: Channel closing: too late to send/recv, messages will be lost

1630694938468	geckodriver	INFO	Listening on 127.0.0.1:15014
1630694941562	mozrunner::runner	INFO	Running command: "C:\\Program Files\\Mozilla Firefox\\firefox.exe" "--marionette" "-foreground" "-no-remote" "-profile" "C:\\Temp\\rust_mozprofile9YQoSk"
1630694943455	Marionette	INFO	Marionette enabled
console.warn: SearchSettings: "get: No settings file exists, new profile?" (new Error("", "(unknown module)"))
1630694945986	Marionette	INFO	Listening on port 10240
1630694946500	Marionette	WARN	TLS certificate errors will be ignored for this session
JavaScript error: https://yetantothercompany.cdn.adglare.net/tbfefad95/img/y4pp6_3uga9m_339689e1.zip/index.js, line 1462: TypeError: auto.date_time is undefined
1630694981289	Marionette	INFO	Stopped listening on port 10240

###!!! [Child][MessageChannel] Error: (msgtype=0x3A0141,name=PContent::Msg_ScriptError) Channel closing: too late to send/recv, messages will be lost


###!!! [Child][MessageChannel] Error: (msgtype=0xB30006,name=PWebSocket::Msg_DeleteSelf) Channel closing: too late to send/recv, messages will be lost


###!!! [Child][RunMessage] Error: Channel closing: too late to send/recv, messages will be lost


###!!! [Child][RunMessage] Error: Channel closing: too late to send/recv, messages will be lost

1630695053634	geckodriver	INFO	Listening on 127.0.0.1:2022
1630695056694	mozrunner::runner	INFO	Running command: "C:\\Program Files\\Mozilla Firefox\\firefox.exe" "--marionette" "-foreground" "-no-remote" "-profile" "C:\\Temp\\rust_mozprofile6kKLdK"
1630695057213	Marionette	INFO	Marionette enabled
console.warn: SearchSettings: "get: No settings file exists, new profile?" (new Error("", "(unknown module)"))
1630695059495	Marionette	INFO	Listening on port 22507
1630695059881	Marionette	WARN	TLS certificate errors will be ignored for this session
JavaScript error: https://yetantothercompany.cdn.adglare.net/tbfefad95/img/y4pp6_3uga9m_339689e1.zip/index.js, line 1462: TypeError: auto.date_time is undefined
1630695098558	Marionette	INFO	Stopped listening on port 22507

###!!! [Child][RunMessage] Error: Channel closing: too late to send/recv, messages will be lost


###!!! [Child][RunMessage] Error: Channel closing: too late to send/recv, messages will be lost


###!!! [Child][RunMessage] Error: Channel closing: too late to send/recv, messages will be lost

1630697126095	geckodriver	INFO	Listening on 127.0.0.1:2026
1630697129218	mozrunner::runner	INFO	Running command: "C:\\Program Files\\Mozilla Firefox\\firefox.exe" "--marionette" "-foreground" "-no-remote" "-profile" "C:\\Temp\\rust_mozprofile11HCOE"
1630697130078	Marionette	INFO	Marionette enabled
console.warn: SearchSettings: "get: No settings file exists, new profile?" (new Error("", "(unknown module)"))
1630697132499	Marionette	INFO	Listening on port 19773
1630697132952	Marionette	WARN	TLS certificate errors will be ignored for this session
JavaScript error: https://yetantothercompany.cdn.adglare.net/tbfefad95/img/y4pp6_3uga9m_339689e1.zip/index.js, line 1462: TypeError: auto.date_time is undefined
1630697178605	Marionette	INFO	Stopped listening on port 19773

###!!! [Child][RunMessage] Error: Channel closing: too late to send/recv, messages will be lost

1630697190969	geckodriver	INFO	Listening on 127.0.0.1:2004
1630697194082	mozrunner::runner	INFO	Running command: "C:\\Program Files\\Mozilla Firefox\\firefox.exe" "--marionette" "-foreground" "-no-remote" "-profile" "C:\\Temp\\rust_mozprofile4BQXhO"
1630697194548	Marionette	INFO	Marionette enabled
console.warn: SearchSettings: "get: No settings file exists, new profile?" (new Error("", "(unknown module)"))
1630697196600	Marionette	INFO	Listening on port 14293
1630697196773	Marionette	WARN	TLS certificate errors will be ignored for this session
JavaScript error: https://yetantothercompany.cdn.adglare.net/tbfefad95/img/y4pp6_3uga9m_339689e1.zip/index.js, line 1462: TypeError: auto.date_time is undefined
1630697232089	Marionette	INFO	Stopped listening on port 14293
[Parent 14280, IPC I/O Parent] WARNING: file /builds/worker/checkouts/gecko/ipc/chromium/src/base/process_util_win.cc:167

###!!! [Child][RunMessage] Error: Channel closing: too late to send/recv, messages will be lost

1630756322159	geckodriver	INFO	Listening on 127.0.0.1:21499
1630756325330	mozrunner::runner	INFO	Running command: "C:\\Program Files\\Mozilla Firefox\\firefox.exe" "--marionette" "-foreground" "-no-remote" "-profile" "C:\\Temp\\rust_mozprofileM77OnB"
1630756326612	Marionette	INFO	Marionette enabled
console.warn: SearchSettings: "get: No settings file exists, new profile?" (new Error("", "(unknown module)"))
1630756329241	Marionette	INFO	Listening on port 29431
1630756329617	Marionette	WARN	TLS certificate errors will be ignored for this session
JavaScript error: https://yetantothercompany.cdn.adglare.net/tbfefad95/img/y4pp6_3uga9m_339689e1.zip/index.js, line 1462: TypeError: auto.date_time is undefined
1630756366164	Marionette	INFO	Stopped listening on port 29431

###!!! [Child][RunMessage] Error: Channel closing: too late to send/recv, messages will be lost


###!!! [Child][RunMessage] Error: Channel closing: too late to send/recv, messages will be lost


###!!! [Child][RunMessage] Error: Channel closing: too late to send/recv, messages will be lost

1630758249367	geckodriver	INFO	Listening on 127.0.0.1:2009
1630758252439	mozrunner::runner	INFO	Running command: "C:\\Program Files\\Mozilla Firefox\\firefox.exe" "--marionette" "-foreground" "-no-remote" "-profile" "C:\\Temp\\rust_mozprofileEqvlO0"
1630758253269	Marionette	INFO	Marionette enabled
console.warn: SearchSettings: "get: No settings file exists, new profile?" (new Error("", "(unknown module)"))
1630758255753	Marionette	INFO	Listening on port 2022
1630758256180	Marionette	WARN	TLS certificate errors will be ignored for this session
JavaScript error: https://yetantothercompany.cdn.adglare.net/tbfefad95/img/y4pp6_3uga9m_339689e1.zip/index.js, line 1462: TypeError: auto.date_time is undefined
1630758291124	Marionette	INFO	Stopped listening on port 2022

###!!! [Child][RunMessage] Error: Channel closing: too late to send/recv, messages will be lost


###!!! [Child][RunMessage] Error: Channel closing: too late to send/recv, messages will be lost

1631306033172	geckodriver	INFO	Listening on 127.0.0.1:17901
1631306036191	mozrunner::runner	INFO	Running command: "C:\\Program Files\\Mozilla Firefox\\firefox.exe" "--marionette" "-foreground" "-no-remote" "-profile" "C:\\Temp\\rust_mozprofilezPnOKs"
1631306037440	Marionette	INFO	Marionette enabled
console.warn: SearchSettings: "get: No settings file exists, new profile?" (new Error("", "(unknown module)"))
1631306040786	Marionette	INFO	Listening on port 17909
1631306041014	Marionette	WARN	TLS certificate errors will be ignored for this session
1631306073227	Marionette	INFO	Stopped listening on port 17909

###!!! [Child][RunMessage] Error: Channel closing: too late to send/recv, messages will be lost


###!!! [Child][RunMessage] Error: Channel closing: too late to send/recv, messages will be lost

1631306122962	geckodriver	INFO	Listening on 127.0.0.1:26771
1631306126014	mozrunner::runner	INFO	Running command: "C:\\Program Files\\Mozilla Firefox\\firefox.exe" "--marionette" "-foreground" "-no-remote" "-profile" "C:\\Temp\\rust_mozprofileDkypVb"
1631306126520	Marionette	INFO	Marionette enabled
console.warn: SearchSettings: "get: No settings file exists, new profile?" (new Error("", "(unknown module)"))
1631306128788	Marionette	INFO	Listening on port 26779
1631306129140	Marionette	WARN	TLS certificate errors will be ignored for this session
1631306160400	Marionette	INFO	Stopped listening on port 26779

###!!! [Child][RunMessage] Error: Channel closing: too late to send/recv, messages will be lost

